<?xml version="1.0" encoding="UTF-8"?>
<coverage generated="1498542791407" clover="3.2.0">
  <project timestamp="1498542791407" name="All files">
    <metrics statements="25" coveredstatements="8" conditionals="2" coveredconditionals="1" methods="14" coveredmethods="2" elements="41" coveredelements="11" complexity="0" loc="25" ncloc="25" packages="2" files="3" classes="3">
      <package name="actions">
        <metrics statements="24" coveredstatements="7" conditionals="2" coveredconditionals="1" methods="13" coveredmethods="1"/>
        <file name="index.js" path="/Users/matthewgordon/Desktop/workspace/react-redux/scratch/src/js/actions/index.js">
          <metrics statements="20" coveredstatements="3" conditionals="2" coveredconditionals="1" methods="13" coveredmethods="1"/>
          <line num="9" count="1" type="stmt"/>
          <line num="12" count="0" type="stmt"/>
          <line num="13" count="0" type="stmt"/>
          <line num="17" count="0" type="stmt"/>
          <line num="19" count="0" type="stmt"/>
          <line num="21" count="0" type="stmt"/>
          <line num="26" count="0" type="stmt"/>
          <line num="33" count="0" type="stmt"/>
          <line num="35" count="0" type="stmt"/>
          <line num="39" count="0" type="stmt"/>
          <line num="41" count="0" type="stmt"/>
          <line num="43" count="0" type="stmt"/>
          <line num="48" count="0" type="stmt"/>
          <line num="55" count="0" type="stmt"/>
          <line num="62" count="1" type="cond" truecount="1" falsecount="1"/>
          <line num="63" count="0" type="stmt"/>
          <line num="66" count="1" type="stmt"/>
          <line num="70" count="0" type="stmt"/>
          <line num="71" count="0" type="stmt"/>
          <line num="75" count="0" type="stmt"/>
        </file>
        <file name="types.js" path="/Users/matthewgordon/Desktop/workspace/react-redux/scratch/src/js/actions/types.js">
          <metrics statements="4" coveredstatements="4" conditionals="0" coveredconditionals="0" methods="0" coveredmethods="0"/>
          <line num="1" count="1" type="stmt"/>
          <line num="2" count="1" type="stmt"/>
          <line num="3" count="1" type="stmt"/>
          <line num="4" count="1" type="stmt"/>
        </file>
      </package>
      <package name="components.home">
        <metrics statements="1" coveredstatements="1" conditionals="0" coveredconditionals="0" methods="1" coveredmethods="1"/>
        <file name="Home.js" path="/Users/matthewgordon/Desktop/workspace/react-redux/scratch/src/js/components/home/Home.js">
          <metrics statements="1" coveredstatements="1" conditionals="0" coveredconditionals="0" methods="1" coveredmethods="1"/>
          <line num="5" count="4" type="stmt"/>
        </file>
      </package>
    </metrics>
  </project>
</coverage>
