TN:
SF:/Users/matthewgordon/Desktop/workspace/react-redux/scratch/src/js/actions/index.js
FN:11,signupUser
FN:12,(anonymous_1)
FN:14,(anonymous_2)
FN:23,(anonymous_3)
FN:32,signinUser
FN:33,(anonymous_5)
FN:36,(anonymous_6)
FN:45,(anonymous_7)
FN:54,authError
FN:61,signoutUser
FN:69,fetchUser
FN:70,(anonymous_11)
FN:74,(anonymous_12)
FNF:13
FNH:1
FNDA:0,signupUser
FNDA:0,(anonymous_1)
FNDA:0,(anonymous_2)
FNDA:0,(anonymous_3)
FNDA:0,signinUser
FNDA:0,(anonymous_5)
FNDA:0,(anonymous_6)
FNDA:0,(anonymous_7)
FNDA:0,authError
FNDA:1,signoutUser
FNDA:0,fetchUser
FNDA:0,(anonymous_11)
FNDA:0,(anonymous_12)
DA:9,1
DA:12,0
DA:13,0
DA:17,0
DA:19,0
DA:21,0
DA:26,0
DA:33,0
DA:35,0
DA:39,0
DA:41,0
DA:43,0
DA:48,0
DA:55,0
DA:62,1
DA:63,0
DA:66,1
DA:70,0
DA:71,0
DA:75,0
LF:20
LH:3
BRDA:62,0,0,0
BRDA:62,0,1,1
BRF:2
BRH:1
end_of_record
TN:
SF:/Users/matthewgordon/Desktop/workspace/react-redux/scratch/src/js/actions/types.js
FNF:0
FNH:0
DA:1,1
DA:2,1
DA:3,1
DA:4,1
LF:4
LH:4
BRF:0
BRH:0
end_of_record
TN:
SF:/Users/matthewgordon/Desktop/workspace/react-redux/scratch/src/js/components/home/Home.js
FN:4,(anonymous_0)
FNF:1
FNH:1
FNDA:4,(anonymous_0)
DA:5,4
LF:1
LH:1
BRF:0
BRH:0
end_of_record
